[calBackendLoader] Using Thunderbird's libical backend
Warning: unrecognized command line flag -new-window
Warning: unrecognized command line flag -profile-directory
console.debug: "Successfully loaded OpenPGP library librnp.so from /usr/lib/thunderbird/librnp.so"
console.debug: "RNPLib.createInputFromPath failed for /home/vlad/.thunderbird/3odpfmk6.default-release/pubring.gpg - Unix error 2 during operation open on file /home/vlad/.thunderbird/3odpfmk6.default-release/pubring.gpg (No such file or directory)"
console.debug: "RNPLib.createInputFromPath failed for /home/vlad/.thunderbird/3odpfmk6.default-release/secring.gpg - Unix error 2 during operation open on file /home/vlad/.thunderbird/3odpfmk6.default-release/secring.gpg (No such file or directory)"
console.debug: "public keys: 0, secret keys: 0"
console.debug: "0 protected and 0 unprotected keys"
console.log: (new Error("Cannot load required OTR library", "resource:///modules/OTRLib.jsm", 75))
JavaScript error: chrome://chat/content/conversation-browser.js, line 853: NotSupportedError: CustomElementRegistry.define: 'conversation-browser' has already been defined as a custom element
JavaScript error: resource://gre/modules/ActivityManager.jsm, line 127: NS_ERROR_NOT_AVAILABLE: 
[calBackendLoader] Using Thunderbird's libical backend
Warning: unrecognized command line flag -new-window
Warning: unrecognized command line flag -profile-directory
console.debug: "Successfully loaded OpenPGP library librnp.so from /usr/lib/thunderbird/librnp.so"
console.debug: "RNPLib.createInputFromPath failed for /home/vlad/.thunderbird/3odpfmk6.default-release/pubring.gpg - Unix error 2 during operation open on file /home/vlad/.thunderbird/3odpfmk6.default-release/pubring.gpg (No such file or directory)"
console.debug: "RNPLib.createInputFromPath failed for /home/vlad/.thunderbird/3odpfmk6.default-release/secring.gpg - Unix error 2 during operation open on file /home/vlad/.thunderbird/3odpfmk6.default-release/secring.gpg (No such file or directory)"
console.debug: "public keys: 0, secret keys: 0"
console.debug: "0 protected and 0 unprotected keys"
console.log: (new Error("Cannot load required OTR library", "resource:///modules/OTRLib.jsm", 75))
JavaScript error: chrome://chat/content/conversation-browser.js, line 853: NotSupportedError: CustomElementRegistry.define: 'conversation-browser' has already been defined as a custom element
JavaScript error: resource://gre/modules/ActivityManager.jsm, line 127: NS_ERROR_NOT_AVAILABLE: 
[calBackendLoader] Using Thunderbird's libical backend
Warning: unrecognized command line flag -new-window
Warning: unrecognized command line flag -profile-directory
console.debug: "Successfully loaded OpenPGP library librnp.so from /usr/lib/thunderbird/librnp.so"
console.debug: "RNPLib.createInputFromPath failed for /home/vlad/.thunderbird/3odpfmk6.default-release/pubring.gpg - Unix error 2 during operation open on file /home/vlad/.thunderbird/3odpfmk6.default-release/pubring.gpg (No such file or directory)"
console.debug: "RNPLib.createInputFromPath failed for /home/vlad/.thunderbird/3odpfmk6.default-release/secring.gpg - Unix error 2 during operation open on file /home/vlad/.thunderbird/3odpfmk6.default-release/secring.gpg (No such file or directory)"
console.debug: "public keys: 0, secret keys: 0"
console.debug: "Successfully loaded optional OpenPGP library libgpgme.so.11 from system's standard library locations"
console.debug: "gpgme version: 1.14.0-unknown"
console.debug: WebExtensions: 
  [SL3U]: Added observer to topic quit-application-requested
console.debug: WebExtensions: 
  [SL3U]: Added observer to topic quit-application-granted
console.log: (new Error("Cannot load required OTR library", "resource:///modules/OTRLib.jsm", 75))
console.info: WebExtensions: INFO [SL3U]: onLoadWindow, inject script jar:file:///home/vlad/.thunderbird/3odpfmk6.default-release/extensions/sendlater3@kamens.us.xpi!/utils/sugar-custom.js
console.info: WebExtensions: INFO [SL3U]: onLoadWindow, inject script jar:file:///home/vlad/.thunderbird/3odpfmk6.default-release/extensions/sendlater3@kamens.us.xpi!/utils/static.js
console.info: WebExtensions: INFO [SL3U]: onLoadWindow, inject script jar:file:///home/vlad/.thunderbird/3odpfmk6.default-release/extensions/sendlater3@kamens.us.xpi!/experiments/headerView.js
JavaScript error: jar:file:///home/vlad/.thunderbird/3odpfmk6.default-release/extensions/sendlater3@kamens.us.xpi!/experiments/headerView.js, line 303: TypeError: can't convert null to object
console.info: WebExtensions: INFO [SL3U]: onLoadWindow, inject script jar:file:///home/vlad/.thunderbird/3odpfmk6.default-release/extensions/sendlater3@kamens.us.xpi!/experiments/statusBar.js
console.error: WebExtensions: 
  ERROR [SL3U]:
  Unable to remove observer from topic extension:sendlater3@kamens.us:ready
Object
    - observerTopics = Array ["extension:sendlater3@kamens.us:ready"]
    - notificationTopic = extension:sendlater3@kamens.us:storage-local
    - observe = observe(subject, topic, data) { if (this.observerTopics.includes(topic)) { SendLaterFunctions.debug("SL3U.notifyStorageLocal",`Observer (${topic})`); Services.obs.removeObserver(this, topic); Services.obs.notifyObservers(null, this.notificationTopic, data); } }
  Message: [Exception... "Component returned failure code: 0x80070057 (NS_ERROR_ILLEGAL_VALUE) [nsIObserverService.removeObserver]"  nsresult: "0x80070057 (NS_ERROR_ILLEGAL_VALUE)"  location: "JS frame :: jar:file:///home/vlad/.thunderbird/3odpfmk6.default-release/extensions/sendlater3@kamens.us.xpi!/experiments/sl3u.js :: close :: line 1945"  data: no]
  Stack:
    close@jar:file:///home/vlad/.thunderbird/3odpfmk6.default-release/extensions/sendlater3@kamens.us.xpi!/experiments/sl3u.js:1945:24
unload@resource://gre/modules/ExtensionCommon.jsm:910:11
unload@resource://gre/modules/ExtensionParent.jsm:641:11
unload@resource://gre/modules/ExtensionParent.jsm:722:11
shutdown@resource://gre/modules/ExtensionParent.jsm:633:10
shutdown@resource://gre/modules/ExtensionParent.jsm:728:11
shutdownExtension@resource://gre/modules/ExtensionParent.jsm:848:17
shutdown@resource://gre/modules/Extension.jsm:2622:22
observe@resource://gre/modules/AsyncShutdown.jsm:554:16

console.info: WebExtensions: INFO [SL3U]: SL3U.close Extension removed. Goodbye world.
NODE_ENV production
NODE_CONFIG_DIR /snap/signal-desktop/374/opt/Signal/resources/app.asar/config
NODE_CONFIG {}
ALLOW_CONFIG_MUTATIONS undefined
HOSTNAME undefined
NODE_APP_INSTANCE undefined
SUPPRESS_NO_CONFIG_WARNING undefined
SIGNAL_ENABLE_HTTP undefined
userData: /home/vlad/snap/signal-desktop/374/.config/Signal
config/get: Successfully read user config file
Set Windows Application User Model ID (AUMID) { appUserModelId: 'org.whispersystems.signal-desktop' }
x-attr dependency did not load successfully
config/get: Successfully read ephemeral config file
NODE_ENV production
NODE_CONFIG_DIR /snap/signal-desktop/374/opt/Signal/resources/app.asar/config
NODE_CONFIG {}
ALLOW_CONFIG_MUTATIONS undefined
HOSTNAME undefined
NODE_APP_INSTANCE undefined
SUPPRESS_NO_CONFIG_WARNING undefined
SIGNAL_ENABLE_HTTP undefined
userData: /home/vlad/snap/signal-desktop/374/.config/Signal
config/get: Successfully read user config file
Set Windows Application User Model ID (AUMID) { appUserModelId: 'org.whispersystems.signal-desktop' }
x-attr dependency did not load successfully
config/get: Successfully read ephemeral config file
NODE_ENV production
NODE_CONFIG_DIR /snap/signal-desktop/374/opt/Signal/resources/app.asar/config
NODE_CONFIG {}
ALLOW_CONFIG_MUTATIONS undefined
HOSTNAME undefined
NODE_APP_INSTANCE undefined
SUPPRESS_NO_CONFIG_WARNING undefined
SIGNAL_ENABLE_HTTP undefined
userData: /home/vlad/snap/signal-desktop/374/.config/Signal
config/get: Successfully read user config file
Set Windows Application User Model ID (AUMID) { appUserModelId: 'org.whispersystems.signal-desktop' }
x-attr dependency did not load successfully
config/get: Successfully read ephemeral config file
NODE_ENV production
NODE_CONFIG_DIR /snap/signal-desktop/374/opt/Signal/resources/app.asar/config
NODE_CONFIG {}
ALLOW_CONFIG_MUTATIONS undefined
HOSTNAME undefined
NODE_APP_INSTANCE undefined
SUPPRESS_NO_CONFIG_WARNING undefined
SIGNAL_ENABLE_HTTP undefined
userData: /home/vlad/snap/signal-desktop/374/.config/Signal
config/get: Successfully read user config file
Set Windows Application User Model ID (AUMID) { appUserModelId: 'org.whispersystems.signal-desktop' }
x-attr dependency did not load successfully
config/get: Successfully read ephemeral config file
Error org.freedesktop.DBus.Error.Failed: cannot find desktop file "/var/lib/snapd/desktop/applications/signal-desktop_signal.desktop"
Error org.freedesktop.DBus.Error.Failed: cannot find desktop file "/var/lib/snapd/desktop/applications/signal-desktop_signal.desktop"
updateSchema:
  Current user_version: 40;
  Most recent db schema: 40;
  SQLite version: 3.34.1;
  SQLCipher version: 4.4.3 community;
  (deprecated) schema_version: 198;


(signal-desktop:158595): dbind-WARNING **: 14:38:21.237: Couldn't connect to accessibility bus: Failed to connect to socket /tmp/dbus-FLmUVzngB1: No such file or directory
(node:158724) [DEP0005] DeprecationWarning: Buffer() is deprecated due to security and usability issues. Please use the Buffer.alloc(), Buffer.allocUnsafe(), or Buffer.from() methods instead.
(Use `exe --trace-deprecation ...` to show where the warning was created)
# Failed to parse arguments: Unknown option --new-window
# Failed to parse arguments: Unknown option --new-window
# Failed to parse arguments: Unknown option --new-window
# Failed to parse arguments: Unknown option --new-window
Gdk-Message: 20:11:14.912: signal-desktop: Fatal IO error 11 (Resource temporarily unavailable) on X server :0.

[calBackendLoader] Using Thunderbird's libical backend
Warning: unrecognized command line flag -new-window
Warning: unrecognized command line flag -profile-directory
console.debug: "Successfully loaded OpenPGP library librnp.so version 0.14+git20210121.7c8492b4.MZLA from /usr/lib/thunderbird/librnp.so"
console.warn: "[l10nregistry] Attempting to synchronously load file\n            resource:///chrome/en-US/locale/en-US/calendar/messenger/openpgp/msgReadStatus.ftl while it's being loaded asynchronously."
JavaScript error: resource://gre/modules/ActorManagerChild.jsm, line 297: TypeError: singletons is null
JavaScript error: resource://gre/modules/ActorManagerChild.jsm, line 297: TypeError: singletons is null
JavaScript error: resource://gre/modules/ActorManagerChild.jsm, line 297: TypeError: singletons is null
JavaScript error: resource://gre/modules/ActorManagerChild.jsm, line 297: TypeError: singletons is null
console.debug: "Trying to load /usr/lib/thunderbird/libotr.so.5"
console.debug: "Trying to load libotr.so.5 from system's standard library locations"
console.debug: "Trying to load libotr.so from system's standard library locations"
console.log: (new Error("Cannot load required OTR library", "resource:///modules/OTRLib.jsm", 91))
console.debug: "Found 0 public keys and 0 secret keys (0 protected, 0 unprotected)"
console.debug: "Successfully loaded optional OpenPGP library libgpgme.so.11 from system's standard library locations"
console.debug: "gpgme version: 1.14.0-unknown"
console.debug: WebExtensions: 
  [SL3U]: Added observer to topic quit-application-requested
console.debug: WebExtensions: 
  [SL3U]: Added observer to topic quit-application-granted
console.info: WebExtensions: INFO [SL3U]: onLoadWindow, inject script jar:file:///home/vlad/.thunderbird/3odpfmk6.default-release/extensions/sendlater3@kamens.us.xpi!/utils/sugar-custom.js
console.info: WebExtensions: INFO [SL3U]: onLoadWindow, inject script jar:file:///home/vlad/.thunderbird/3odpfmk6.default-release/extensions/sendlater3@kamens.us.xpi!/utils/static.js
console.info: WebExtensions: INFO [SL3U]: onLoadWindow, inject script jar:file:///home/vlad/.thunderbird/3odpfmk6.default-release/extensions/sendlater3@kamens.us.xpi!/experiments/headerView.js
console.info: WebExtensions: INFO [SL3U]: onLoadWindow, inject script jar:file:///home/vlad/.thunderbird/3odpfmk6.default-release/extensions/sendlater3@kamens.us.xpi!/experiments/statusBar.js
console.log: "FiltaQuilla [logTime init]\n" "AddonManager: FiltaQuilla extension's version is 3.2"
NODE_ENV production
NODE_CONFIG_DIR /snap/signal-desktop/374/opt/Signal/resources/app.asar/config
NODE_CONFIG {}
ALLOW_CONFIG_MUTATIONS undefined
HOSTNAME undefined
NODE_APP_INSTANCE undefined
SUPPRESS_NO_CONFIG_WARNING undefined
SIGNAL_ENABLE_HTTP undefined
userData: /home/vlad/snap/signal-desktop/374/.config/Signal
config/get: Successfully read user config file
Set Windows Application User Model ID (AUMID) { appUserModelId: 'org.whispersystems.signal-desktop' }
x-attr dependency did not load successfully
config/get: Successfully read ephemeral config file
Error org.freedesktop.DBus.Error.Failed: cannot find desktop file "/var/lib/snapd/desktop/applications/signal-desktop_signal.desktop"
Error org.freedesktop.DBus.Error.Failed: cannot find desktop file "/var/lib/snapd/desktop/applications/signal-desktop_signal.desktop"

(signal-desktop:7576): Gtk-WARNING **: 18:04:26.563: Theme parsing error: gtk.css:1418:23: 'font-feature-settings' is not a valid property name

(signal-desktop:7576): Gtk-WARNING **: 18:04:26.571: Theme parsing error: gtk.css:3295:25: 'font-feature-settings' is not a valid property name

(signal-desktop:7576): Gtk-WARNING **: 18:04:26.573: Theme parsing error: gtk.css:3757:23: 'font-feature-settings' is not a valid property name
updateSchema:
  Current user_version: 40;
  Most recent db schema: 40;
  SQLite version: 3.34.1;
  SQLCipher version: 4.4.3 community;
  (deprecated) schema_version: 198;


(signal-desktop:7576): dbind-WARNING **: 18:04:26.838: Couldn't connect to accessibility bus: Failed to connect to socket /tmp/dbus-6ga2sHHEDI: No such file or directory
(node:7713) [DEP0005] DeprecationWarning: Buffer() is deprecated due to security and usability issues. Please use the Buffer.alloc(), Buffer.allocUnsafe(), or Buffer.from() methods instead.
(Use `exe --trace-deprecation ...` to show where the warning was created)
JavaScript error: resource://gre/modules/ActivityManager.jsm, line 127: NS_ERROR_NOT_AVAILABLE: 
JavaScript error: resource:///modules/imCore.jsm, line 152: TypeError: this._idleService is undefined
JavaScript error: resource:///modules/imCore.jsm, line 152: TypeError: this._idleService is undefined
JavaScript error: resource://gre/modules/ActivityManager.jsm, line 127: NS_ERROR_NOT_AVAILABLE: 
JavaScript error: resource://gre/modules/ActivityManager.jsm, line 127: NS_ERROR_NOT_AVAILABLE: 
JavaScript error: resource://gre/modules/ActivityManager.jsm, line 127: NS_ERROR_NOT_AVAILABLE: 
JavaScript error: resource://gre/modules/ActivityManager.jsm, line 127: NS_ERROR_NOT_AVAILABLE: 
JavaScript error: resource://gre/modules/ActivityManager.jsm, line 127: NS_ERROR_NOT_AVAILABLE: 
JavaScript error: resource://gre/modules/ActivityManager.jsm, line 127: NS_ERROR_NOT_AVAILABLE: 
JavaScript error: resource://gre/modules/ActivityManager.jsm, line 127: NS_ERROR_NOT_AVAILABLE: 
JavaScript error: resource://gre/modules/ActivityManager.jsm, line 127: NS_ERROR_NOT_AVAILABLE: 
JavaScript error: resource://gre/modules/ActivityManager.jsm, line 127: NS_ERROR_NOT_AVAILABLE: 
JavaScript error: resource://gre/modules/ActivityManager.jsm, line 127: NS_ERROR_NOT_AVAILABLE: 
